<?xml version="1.0" encoding="UTF-8"?>
<testsuite xmlns:xsi="http://www.w3.org/2001/XMLSchema-instance" xsi:noNamespaceSchemaLocation="https://maven.apache.org/surefire/maven-surefire-plugin/xsd/surefire-test-report-3.0.xsd" version="3.0" name="com.eda.sendemail.service.impl.EmailServiceImplTest" time="0.415" tests="5" errors="0" skipped="0" failures="0">
  <properties>
[...]
</properties>
  <testcase name="sendHtmlEmailWithEmbeddedFiles" classname="com.eda.sendemail.service.impl.EmailServiceImplTest" time="0.044">
    <system-out><![CDATA[2024-01-21T01:13:48.473-05:00  INFO 13608 --- [           main] t.c.s.AnnotationConfigContextLoaderUtils : Could not detect default configuration classes for test class [com.eda.sendemail.service.impl.EmailServiceImplTest]: EmailServiceImplTest does not declare any static, non-private, non-final, nested classes annotated with @Configuration.
2024-01-21T01:13:48.487-05:00  INFO 13608 --- [           main] .b.t.c.SpringBootTestContextBootstrapper : Found @SpringBootConfiguration com.eda.sendemail.SendemailApplication for test class com.eda.sendemail.service.impl.EmailServiceImplTest
]]></system-out>
  </testcase>
  <testcase name="sendHtmlEmail" classname="com.eda.sendemail.service.impl.EmailServiceImplTest" time="0.005"/>
  <testcase name="sendMimeMessageWithEmbeddedImages" classname="com.eda.sendemail.service.impl.EmailServiceImplTest" time="0.005"/>
  <testcase name="sendSimpleMailMessage" classname="com.eda.sendemail.service.impl.EmailServiceImplTest" time="0"/>
  <testcase name="sendMimeMessageWithAttachments" classname="com.eda.sendemail.service.impl.EmailServiceImplTest" time="0.008"/>
</testsuite>